# JRE version: Java(TM) SE Runtime Environment (8.0_77-b03) (build 1.8.0_77-b03)
# Java VM: Java HotSpot(TM) 64-Bit Server VM (25.77-b03 mixed mode windows-amd64 compressed oops)
Heap:
 PSYoungGen      total 294400K, used 80979K [0x000000076b400000, 0x0000000785280000, 0x00000007c0000000)
  eden space 266240K, 19% used [0x000000076b400000,0x000000076e795c00,0x000000077b800000)
  from space 28160K, 99% used [0x000000077dd00000,0x000000077f87f010,0x000000077f880000)
  to   space 37888K, 0% used [0x000000077b800000,0x000000077b800000,0x000000077dd00000)
 ParOldGen       total 125952K, used 45266K [0x00000006c1c00000, 0x00000006c9700000, 0x000000076b400000)
  object space 125952K, 35% used [0x00000006c1c00000,0x00000006c4834bf0,0x00000006c9700000)
 Metaspace       used 25743K, capacity 26362K, committed 26624K, reserved 1073152K
  class space    used 2891K, capacity 3047K, committed 3072K, reserved 1048576K
GC Heap History (10 events):
Event: 5.508 GC heap before
{Heap before GC invocations=5 (full 0):
 PSYoungGen      total 141824K, used 44522K [0x000000076b400000, 0x0000000774900000, 0x00000007c0000000)
  eden space 131072K, 25% used [0x000000076b400000,0x000000076d4fc940,0x0000000773400000)
  from space 10752K, 99% used [0x0000000773e80000,0x00000007748fe030,0x0000000774900000)
  to   space 10752K, 0% used [0x0000000773400000,0x0000000773400000,0x0000000773e80000)
 ParOldGen       total 175104K, used 10238K [0x00000006c1c00000, 0x00000006cc700000, 0x000000076b400000)
  object space 175104K, 5% used [0x00000006c1c00000,0x00000006c25ffa68,0x00000006cc700000)
 Metaspace       used 20636K, capacity 21066K, committed 21296K, reserved 1069056K
  class space    used 2473K, capacity 2585K, committed 2688K, reserved 1048576K
Event: 5.540 GC heap after
Heap after GC invocations=5 (full 0):
 PSYoungGen      total 141824K, used 10723K [0x000000076b400000, 0x000000077d600000, 0x00000007c0000000)
  eden space 131072K, 0% used [0x000000076b400000,0x000000076b400000,0x0000000773400000)
  from space 10752K, 99% used [0x0000000773400000,0x0000000773e78e70,0x0000000773e80000)
  to   space 17408K, 0% used [0x000000077c500000,0x000000077c500000,0x000000077d600000)
 ParOldGen       total 175104K, used 12367K [0x00000006c1c00000, 0x00000006cc700000, 0x000000076b400000)
  object space 175104K, 7% used [0x00000006c1c00000,0x00000006c2813ca8,0x00000006cc700000)
 Metaspace       used 20636K, capacity 21066K, committed 21296K, reserved 1069056K
  class space    used 2473K, capacity 2585K, committed 2688K, reserved 1048576K
}
Event: 5.540 GC heap before
{Heap before GC invocations=6 (full 1):
 PSYoungGen      total 141824K, used 10723K [0x000000076b400000, 0x000000077d600000, 0x00000007c0000000)
  eden space 131072K, 0% used [0x000000076b400000,0x000000076b400000,0x0000000773400000)
  from space 10752K, 99% used [0x0000000773400000,0x0000000773e78e70,0x0000000773e80000)
  to   space 17408K, 0% used [0x000000077c500000,0x000000077c500000,0x000000077d600000)
 ParOldGen       total 175104K, used 12367K [0x00000006c1c00000, 0x00000006cc700000, 0x000000076b400000)
  object space 175104K, 7% used [0x00000006c1c00000,0x00000006c2813ca8,0x00000006cc700000)
 Metaspace       used 20636K, capacity 21066K, committed 21296K, reserved 1069056K
  class space    used 2473K, capacity 2585K, committed 2688K, reserved 1048576K
Event: 5.675 GC heap after
Heap after GC invocations=6 (full 1):
 PSYoungGen      total 141824K, used 0K [0x000000076b400000, 0x000000077d600000, 0x00000007c0000000)
  eden space 131072K, 0% used [0x000000076b400000,0x000000076b400000,0x0000000773400000)
  from space 10752K, 0% used [0x0000000773400000,0x0000000773400000,0x0000000773e80000)
  to   space 17408K, 0% used [0x000000077c500000,0x000000077c500000,0x000000077d600000)
 ParOldGen       total 125952K, used 20502K [0x00000006c1c00000, 0x00000006c9700000, 0x000000076b400000)
  object space 125952K, 16% used [0x00000006c1c00000,0x00000006c3005838,0x00000006c9700000)
 Metaspace       used 20636K, capacity 21066K, committed 21296K, reserved 1069056K
  class space    used 2473K, capacity 2585K, committed 2688K, reserved 1048576K
}
Event: 8.037 GC heap before
{Heap before GC invocations=7 (full 1):
 PSYoungGen      total 141824K, used 131072K [0x000000076b400000, 0x000000077d600000, 0x00000007c0000000)
  eden space 131072K, 100% used [0x000000076b400000,0x0000000773400000,0x0000000773400000)
  from space 10752K, 0% used [0x0000000773400000,0x0000000773400000,0x0000000773e80000)
  to   space 17408K, 0% used [0x000000077c500000,0x000000077c500000,0x000000077d600000)
 ParOldGen       total 125952K, used 20502K [0x00000006c1c00000, 0x00000006c9700000, 0x000000076b400000)
  object space 125952K, 16% used [0x00000006c1c00000,0x00000006c3005838,0x00000006c9700000)
 Metaspace       used 22152K, capacity 22666K, committed 22960K, reserved 1069056K
  class space    used 2576K, capacity 2713K, committed 2816K, reserved 1048576K
Event: 8.069 GC heap after
Heap after GC invocations=7 (full 1):
 PSYoungGen      total 208896K, used 17391K [0x000000076b400000, 0x000000077d600000, 0x00000007c0000000)
  eden space 191488K, 0% used [0x000000076b400000,0x000000076b400000,0x0000000776f00000)
  from space 17408K, 99% used [0x000000077c500000,0x000000077d5fbe68,0x000000077d600000)
  to   space 25088K, 0% used [0x000000077a500000,0x000000077a500000,0x000000077bd80000)
 ParOldGen       total 125952K, used 30708K [0x00000006c1c00000, 0x00000006c9700000, 0x000000076b400000)
  object space 125952K, 24% used [0x00000006c1c00000,0x00000006c39fd2f0,0x00000006c9700000)
 Metaspace       used 22152K, capacity 22666K, committed 22960K, reserved 1069056K
  class space    used 2576K, capacity 2713K, committed 2816K, reserved 1048576K
}
Event: 9.870 GC heap before
{Heap before GC invocations=8 (full 1):
 PSYoungGen      total 208896K, used 208879K [0x000000076b400000, 0x000000077d600000, 0x00000007c0000000)
  eden space 191488K, 100% used [0x000000076b400000,0x0000000776f00000,0x0000000776f00000)
  from space 17408K, 99% used [0x000000077c500000,0x000000077d5fbe68,0x000000077d600000)
  to   space 25088K, 0% used [0x000000077a500000,0x000000077a500000,0x000000077bd80000)
 ParOldGen       total 125952K, used 30708K [0x00000006c1c00000, 0x00000006c9700000, 0x000000076b400000)
  object space 125952K, 24% used [0x00000006c1c00000,0x00000006c39fd2f0,0x00000006c9700000)
 Metaspace       used 23748K, capacity 24314K, committed 24448K, reserved 1071104K
  class space    used 2761K, capacity 2919K, committed 2944K, reserved 1048576K
Event: 9.896 GC heap after
Heap after GC invocations=8 (full 1):
 PSYoungGen      total 271872K, used 24035K [0x000000076b400000, 0x000000077f880000, 0x00000007c0000000)
  eden space 246784K, 0% used [0x000000076b400000,0x000000076b400000,0x000000077a500000)
  from space 25088K, 95% used [0x000000077a500000,0x000000077bc78d30,0x000000077bd80000)
  to   space 28160K, 0% used [0x000000077dd00000,0x000000077dd00000,0x000000077f880000)
 ParOldGen       total 125952K, used 30708K [0x00000006c1c00000, 0x00000006c9700000, 0x000000076b400000)
  object space 125952K, 24% used [0x00000006c1c00000,0x00000006c39fd2f0,0x00000006c9700000)
 Metaspace       used 23748K, capacity 24314K, committed 24448K, reserved 1071104K
  class space    used 2761K, capacity 2919K, committed 2944K, reserved 1048576K
}
Event: 16.127 GC heap before
{Heap before GC invocations=9 (full 1):
 PSYoungGen      total 271872K, used 270819K [0x000000076b400000, 0x000000077f880000, 0x00000007c0000000)
  eden space 246784K, 100% used [0x000000076b400000,0x000000077a500000,0x000000077a500000)
  from space 25088K, 95% used [0x000000077a500000,0x000000077bc78d30,0x000000077bd80000)
  to   space 28160K, 0% used [0x000000077dd00000,0x000000077dd00000,0x000000077f880000)
 ParOldGen       total 125952K, used 30708K [0x00000006c1c00000, 0x00000006c9700000, 0x000000076b400000)
  object space 125952K, 24% used [0x00000006c1c00000,0x00000006c39fd2f0,0x00000006c9700000)
 Metaspace       used 25536K, capacity 26106K, committed 26368K, reserved 1073152K
  class space    used 2889K, capacity 3047K, committed 3072K, reserved 1048576K
Event: 16.198 GC heap after
Heap after GC invocations=9 (full 1):
 PSYoungGen      total 294400K, used 28156K [0x000000076b400000, 0x0000000785280000, 0x00000007c0000000)
  eden space 266240K, 0% used [0x000000076b400000,0x000000076b400000,0x000000077b800000)
  from space 28160K, 99% used [0x000000077dd00000,0x000000077f87f010,0x000000077f880000)
  to   space 37888K, 0% used [0x000000077b800000,0x000000077b800000,0x000000077dd00000)
 ParOldGen       total 125952K, used 45266K [0x00000006c1c00000, 0x00000006c9700000, 0x000000076b400000)
  object space 125952K, 35% used [0x00000006c1c00000,0x00000006c4834bf0,0x00000006c9700000)
 Metaspace       used 25536K, capacity 26106K, committed 26368K, reserved 1073152K
  class space    used 2889K, capacity 3047K, committed 3072K, reserved 1048576K
}

